  Leetcode_11_29.c
D:\c语言\repository\leetcode\Leetcode_11_29\Leetcode_11_29\Leetcode_11_29.c(9,26): error C2037: “next”的左侧部分指定未定义的结构/联合“ListNode”
D:\c语言\repository\leetcode\Leetcode_11_29\Leetcode_11_29\Leetcode_11_29.c(11,22): error C2037: “next”的左侧部分指定未定义的结构/联合“ListNode”
D:\c语言\repository\leetcode\Leetcode_11_29\Leetcode_11_29\Leetcode_11_29.c(12,22): error C2037: “next”的左侧部分指定未定义的结构/联合“ListNode”
D:\c语言\repository\leetcode\Leetcode_11_29\Leetcode_11_29\Leetcode_11_29.c(20,34): error C2037: “next”的左侧部分指定未定义的结构/联合“ListNode”
D:\c语言\repository\leetcode\Leetcode_11_29\Leetcode_11_29\Leetcode_11_29.c(22,10): error C2037: “next”的左侧部分指定未定义的结构/联合“ListNode”
D:\c语言\repository\leetcode\Leetcode_11_29\Leetcode_11_29\Leetcode_11_29.c(22,21): error C2065: “NULL”: 未声明的标识符
D:\c语言\repository\leetcode\Leetcode_11_29\Leetcode_11_29\Leetcode_11_29.c(27,22): error C2037: “next”的左侧部分指定未定义的结构/联合“ListNode”
D:\c语言\repository\leetcode\Leetcode_11_29\Leetcode_11_29\Leetcode_11_29.c(28,14): error C2037: “next”的左侧部分指定未定义的结构/联合“ListNode”
D:\c语言\repository\leetcode\Leetcode_11_29\Leetcode_11_29\Leetcode_11_29.c(33,6): error C2061: 语法错误: 标识符“isPalindrome”
D:\c语言\repository\leetcode\Leetcode_11_29\Leetcode_11_29\Leetcode_11_29.c(33,6): error C2059: 语法错误:“;”
D:\c语言\repository\leetcode\Leetcode_11_29\Leetcode_11_29\Leetcode_11_29.c(33,34): error C2059: 语法错误:“<parameter-list>”
D:\c语言\repository\leetcode\Leetcode_11_29\Leetcode_11_29\Leetcode_11_29.c(55,21): error C2065: “NULL”: 未声明的标识符
D:\c语言\repository\leetcode\Leetcode_11_29\Leetcode_11_29\Leetcode_11_29.c(55,21): warning C4047: “==”:“TreeNode *”与“int”的间接级别不同
D:\c语言\repository\leetcode\Leetcode_11_29\Leetcode_11_29\Leetcode_11_29.c(56,20): error C2065: “NULL”: 未声明的标识符
D:\c语言\repository\leetcode\Leetcode_11_29\Leetcode_11_29\Leetcode_11_29.c(56,20): warning C4047: “return”:“TreeNode *”与“int”的间接级别不同
D:\c语言\repository\leetcode\Leetcode_11_29\Leetcode_11_29\Leetcode_11_29.c(57,15): error C2037: “val”的左侧部分指定未定义的结构/联合“TreeNode”
D:\c语言\repository\leetcode\Leetcode_11_29\Leetcode_11_29\Leetcode_11_29.c(57,24): error C2037: “val”的左侧部分指定未定义的结构/联合“TreeNode”
D:\c语言\repository\leetcode\Leetcode_11_29\Leetcode_11_29\Leetcode_11_29.c(57,37): error C2037: “val”的左侧部分指定未定义的结构/联合“TreeNode”
D:\c语言\repository\leetcode\Leetcode_11_29\Leetcode_11_29\Leetcode_11_29.c(57,46): error C2037: “val”的左侧部分指定未定义的结构/联合“TreeNode”
D:\c语言\repository\leetcode\Leetcode_11_29\Leetcode_11_29\Leetcode_11_29.c(58,43): error C2037: “left”的左侧部分指定未定义的结构/联合“TreeNode”
D:\c语言\repository\leetcode\Leetcode_11_29\Leetcode_11_29\Leetcode_11_29.c(58,36): error C2198: “lowestCommonAncestor”: 用于调用的参数太少
D:\c语言\repository\leetcode\Leetcode_11_29\Leetcode_11_29\Leetcode_11_29.c(59,15): error C2037: “val”的左侧部分指定未定义的结构/联合“TreeNode”
D:\c语言\repository\leetcode\Leetcode_11_29\Leetcode_11_29\Leetcode_11_29.c(59,24): error C2037: “val”的左侧部分指定未定义的结构/联合“TreeNode”
D:\c语言\repository\leetcode\Leetcode_11_29\Leetcode_11_29\Leetcode_11_29.c(59,37): error C2037: “val”的左侧部分指定未定义的结构/联合“TreeNode”
D:\c语言\repository\leetcode\Leetcode_11_29\Leetcode_11_29\Leetcode_11_29.c(59,46): error C2037: “val”的左侧部分指定未定义的结构/联合“TreeNode”
D:\c语言\repository\leetcode\Leetcode_11_29\Leetcode_11_29\Leetcode_11_29.c(60,43): error C2037: “right”的左侧部分指定未定义的结构/联合“TreeNode”
D:\c语言\repository\leetcode\Leetcode_11_29\Leetcode_11_29\Leetcode_11_29.c(60,36): error C2198: “lowestCommonAncestor”: 用于调用的参数太少
D:\c语言\repository\leetcode\Leetcode_11_29\Leetcode_11_29\Leetcode_11_29.c(67,35): error C2037: “next”的左侧部分指定未定义的结构/联合“ListNode”
D:\c语言\repository\leetcode\Leetcode_11_29\Leetcode_11_29\Leetcode_11_29.c(68,11): error C2037: “val”的左侧部分指定未定义的结构/联合“ListNode”
D:\c语言\repository\leetcode\Leetcode_11_29\Leetcode_11_29\Leetcode_11_29.c(68,23): error C2037: “val”的左侧部分指定未定义的结构/联合“ListNode”
D:\c语言\repository\leetcode\Leetcode_11_29\Leetcode_11_29\Leetcode_11_29.c(69,11): error C2037: “next”的左侧部分指定未定义的结构/联合“ListNode”
D:\c语言\repository\leetcode\Leetcode_11_29\Leetcode_11_29\Leetcode_11_29.c(69,24): error C2037: “next”的左侧部分指定未定义的结构/联合“ListNode”
D:\c语言\repository\leetcode\Leetcode_11_29\Leetcode_11_29\Leetcode_11_29.c(70,9): warning C4013: “free”未定义；假设外部返回 int
D:\c语言\repository\leetcode\Leetcode_11_29\Leetcode_11_29\Leetcode_11_29.c(77,21): warning C4013: “strlen”未定义；假设外部返回 int
D:\c语言\repository\leetcode\Leetcode_11_29\Leetcode_11_29\Leetcode_11_29.c(84,6): error C2061: 语法错误: 标识符“isAnagram”
D:\c语言\repository\leetcode\Leetcode_11_29\Leetcode_11_29\Leetcode_11_29.c(84,6): error C2059: 语法错误:“;”
D:\c语言\repository\leetcode\Leetcode_11_29\Leetcode_11_29\Leetcode_11_29.c(84,20): error C2059: 语法错误:“<parameter-list>”
D:\c语言\repository\leetcode\Leetcode_11_29\Leetcode_11_29\Leetcode_11_29.c(119,6): error C2061: 语法错误: 标识符“isUgly”
D:\c语言\repository\leetcode\Leetcode_11_29\Leetcode_11_29\Leetcode_11_29.c(119,6): error C2059: 语法错误:“;”
D:\c语言\repository\leetcode\Leetcode_11_29\Leetcode_11_29\Leetcode_11_29.c(119,17): error C2059: 语法错误:“<parameter-list>”
